app/build/outputs/apk/manifest-merger-debug-report.txt
-- Merging decision tree log ---
manifest
ADDED from AndroidManifest.xml:2:1
	package
		ADDED from AndroidManifest.xml:3:5
		INJECTED from AndroidManifest.xml:0:0
		INJECTED from AndroidManifest.xml:0:0
	android:versionName
		INJECTED from AndroidManifest.xml:0:0
		INJECTED from AndroidManifest.xml:0:0
	xmlns:android
		ADDED from AndroidManifest.xml:2:11
	android:versionCode
		INJECTED from AndroidManifest.xml:0:0
		INJECTED from AndroidManifest.xml:0:0
uses-permission#android.permission.SEND_SMS
ADDED from AndroidManifest.xml:4:5
	android:name
		ADDED from AndroidManifest.xml:4:22
uses-permission#android.permission.READ_CONTACTS
ADDED from AndroidManifest.xml:5:5
	android:name
		ADDED from AndroidManifest.xml:5:22
uses-permission#android.permission.VIBRATE
ADDED from AndroidManifest.xml:6:5
	android:name
		ADDED from AndroidManifest.xml:6:22
application
ADDED from AndroidManifest.xml:7:5
MERGED from com.android.support:appcompat-v7:22.0.0:22:5
MERGED from com.android.support:support-v4:22.0.0:22:5
	android:label
		ADDED from AndroidManifest.xml:10:9
	android:allowBackup
		ADDED from AndroidManifest.xml:8:9
	android:icon
		ADDED from AndroidManifest.xml:9:9
	android:theme
		ADDED from AndroidManifest.xml:12:9
activity#com.example.sarthakjain.billsplitter.Splash
ADDED from AndroidManifest.xml:16:9
	android:screenOrientation
		ADDED from AndroidManifest.xml:19:13
	android:label
		ADDED from AndroidManifest.xml:20:13
	android:noHistory
		ADDED from AndroidManifest.xml:17:13
	android:name
		ADDED from AndroidManifest.xml:18:13
intent-filter#android.intent.action.MAIN+android.intent.category.LAUNCHER
ADDED from AndroidManifest.xml:21:13
action#android.intent.action.MAIN
ADDED from AndroidManifest.xml:22:17
	android:name
		ADDED from AndroidManifest.xml:22:25
category#android.intent.category.LAUNCHER
ADDED from AndroidManifest.xml:24:17
	android:name
		ADDED from AndroidManifest.xml:24:27
activity#com.example.sarthakjain.billsplitter.MainActivity
ADDED from AndroidManifest.xml:30:9
	android:screenOrientation
		ADDED from AndroidManifest.xml:34:13
	android:label
		ADDED from AndroidManifest.xml:33:13
	android:noHistory
		ADDED from AndroidManifest.xml:31:13
	android:name
		ADDED from AndroidManifest.xml:32:13
intent-filter#android.intent.action.START+android.intent.category.DEFAULT
ADDED from AndroidManifest.xml:35:13
action#android.intent.action.START
ADDED from AndroidManifest.xml:36:17
	android:name
		ADDED from AndroidManifest.xml:36:25
category#android.intent.category.DEFAULT
ADDED from AndroidManifest.xml:38:17
	android:name
		ADDED from AndroidManifest.xml:38:27
activity#com.example.sarthakjain.billsplitter.Names
ADDED from AndroidManifest.xml:42:9
	android:screenOrientation
		ADDED from AndroidManifest.xml:45:13
	android:label
		ADDED from AndroidManifest.xml:46:13
	android:noHistory
		ADDED from AndroidManifest.xml:43:13
	android:name
		ADDED from AndroidManifest.xml:44:13
intent-filter#android.intent.action.NAMES+android.intent.category.DEFAULT
ADDED from AndroidManifest.xml:47:13
action#android.intent.action.NAMES
ADDED from AndroidManifest.xml:48:17
	android:name
		ADDED from AndroidManifest.xml:48:25
activity#com.example.sarthakjain.billsplitter.BillMenu
ADDED from AndroidManifest.xml:56:9
	android:screenOrientation
		ADDED from AndroidManifest.xml:59:13
	android:label
		ADDED from AndroidManifest.xml:60:13
	android:noHistory
		ADDED from AndroidManifest.xml:57:13
	android:name
		ADDED from AndroidManifest.xml:58:13
intent-filter#android.intent.action.BILLMENU+android.intent.category.DEFAULT
ADDED from AndroidManifest.xml:61:13
action#android.intent.action.BILLMENU
ADDED from AndroidManifest.xml:62:17
	android:name
		ADDED from AndroidManifest.xml:62:25
activity#com.example.sarthakjain.billsplitter.ChooseWhoPaid
ADDED from AndroidManifest.xml:69:9
	android:screenOrientation
		ADDED from AndroidManifest.xml:72:13
	android:label
		ADDED from AndroidManifest.xml:73:13
	android:noHistory
		ADDED from AndroidManifest.xml:70:13
	android:name
		ADDED from AndroidManifest.xml:71:13
intent-filter#android.intent.action.CHOOSEWHOPAID+android.intent.category.DEFAULT
ADDED from AndroidManifest.xml:74:13
action#android.intent.action.CHOOSEWHOPAID
ADDED from AndroidManifest.xml:75:17
	android:name
		ADDED from AndroidManifest.xml:75:25
activity#com.example.sarthakjain.billsplitter.Output
ADDED from AndroidManifest.xml:83:9
	android:screenOrientation
		ADDED from AndroidManifest.xml:86:13
	android:label
		ADDED from AndroidManifest.xml:87:13
	android:name
		ADDED from AndroidManifest.xml:85:13
intent-filter#android.intent.action.OUTPUT+android.intent.category.DEFAULT
ADDED from AndroidManifest.xml:88:13
action#android.intent.action.OUTPUT
ADDED from AndroidManifest.xml:89:17
	android:name
		ADDED from AndroidManifest.xml:89:25
activity#com.example.sarthakjain.billsplitter.Split
ADDED from AndroidManifest.xml:96:9
	android:screenOrientation
		ADDED from AndroidManifest.xml:100:13
	android:label
		ADDED from AndroidManifest.xml:101:13
	android:noHistory
		ADDED from AndroidManifest.xml:97:13
	android:name
		ADDED from AndroidManifest.xml:98:13
intent-filter#android.intent.action.SPLIT+android.intent.category.DEFAULT
ADDED from AndroidManifest.xml:102:13
action#android.intent.action.SPLIT
ADDED from AndroidManifest.xml:103:17
	android:name
		ADDED from AndroidManifest.xml:103:25
activity#com.example.sarthakjain.billsplitter.SaveData
ADDED from AndroidManifest.xml:111:9
	android:screenOrientation
		ADDED from AndroidManifest.xml:115:13
	android:label
		ADDED from AndroidManifest.xml:116:13
	android:noHistory
		ADDED from AndroidManifest.xml:112:13
	android:name
		ADDED from AndroidManifest.xml:113:13
intent-filter#android.intent.action.SAVEDDATA+android.intent.category.DEFAULT
ADDED from AndroidManifest.xml:117:13
action#android.intent.action.SAVEDDATA
ADDED from AndroidManifest.xml:118:17
	android:name
		ADDED from AndroidManifest.xml:118:25
activity#com.example.sarthakjain.billsplitter.Display
ADDED from AndroidManifest.xml:124:9
	android:screenOrientation
		ADDED from AndroidManifest.xml:128:13
	android:label
		ADDED from AndroidManifest.xml:129:13
	android:noHistory
		ADDED from AndroidManifest.xml:125:13
	android:name
		ADDED from AndroidManifest.xml:126:13
intent-filter#android.intent.action.DISPLAYTAB+android.intent.category.DEFAULT
ADDED from AndroidManifest.xml:130:13
action#android.intent.action.DISPLAYTAB
ADDED from AndroidManifest.xml:131:17
	android:name
		ADDED from AndroidManifest.xml:131:25
activity#com.example.sarthakjain.billsplitter.SendSms
ADDED from AndroidManifest.xml:137:9
	android:screenOrientation
		ADDED from AndroidManifest.xml:141:13
	android:label
		ADDED from AndroidManifest.xml:142:13
	android:noHistory
		ADDED from AndroidManifest.xml:138:13
	android:name
		ADDED from AndroidManifest.xml:139:13
intent-filter#android.intent.action.SENDSMS+android.intent.category.DEFAULT
ADDED from AndroidManifest.xml:143:13
action#android.intent.action.SENDSMS
ADDED from AndroidManifest.xml:144:17
	android:name
		ADDED from AndroidManifest.xml:144:25
activity#com.example.sarthakjain.billsplitter.ItemizedBill
ADDED from AndroidManifest.xml:154:9
	android:screenOrientation
		ADDED from AndroidManifest.xml:158:13
	android:label
		ADDED from AndroidManifest.xml:159:13
	android:noHistory
		ADDED from AndroidManifest.xml:155:13
	android:name
		ADDED from AndroidManifest.xml:156:13
intent-filter#android.intent.action.ITEMIZEDBILL+android.intent.category.DEFAULT
ADDED from AndroidManifest.xml:160:13
action#android.intent.action.ITEMIZEDBILL
ADDED from AndroidManifest.xml:161:17
	android:name
		ADDED from AndroidManifest.xml:161:25
activity#com.example.sarthakjain.billsplitter.ItemAdded
ADDED from AndroidManifest.xml:170:9
	android:screenOrientation
		ADDED from AndroidManifest.xml:174:13
	android:label
		ADDED from AndroidManifest.xml:175:13
	android:noHistory
		ADDED from AndroidManifest.xml:171:13
	android:name
		ADDED from AndroidManifest.xml:172:13
intent-filter#android.intent.action.ITEMADDED+android.intent.category.DEFAULT
ADDED from AndroidManifest.xml:176:13
action#android.intent.action.ITEMADDED
ADDED from AndroidManifest.xml:177:17
	android:name
		ADDED from AndroidManifest.xml:177:25
uses-sdk
INJECTED from AndroidManifest.xml:0:0 reason: use-sdk injection requested
MERGED from com.android.support:appcompat-v7:22.0.0:20:5
MERGED from com.android.support:support-v4:22.0.0:20:5
	android:targetSdkVersion
		INJECTED from AndroidManifest.xml:0:0
		INJECTED from AndroidManifest.xml:0:0
	android:minSdkVersion
		INJECTED from AndroidManifest.xml:0:0
		INJECTED from AndroidManifest.xml:0:0